沙县小吃
老乡鸡
麦当劳
肯德基
必胜客
汉堡王
萨利亚
大鼓米线
五爷拌面
杨国福
张亮
宜家餐厅
味千拉面
博多一幸舍
小杨生煎
大壶春
东泰祥
南京大牌档
松鹤楼苏面
东吴面馆
兰州牛肉面
草本汤
大米先生
海底捞
呷哺呷哺
永和大王
真功夫
喜家德水饺
黄焖鸡
老娘舅
南城香
广式牛杂
南昌拌粉
烩面
胡辣汤
桂林米粉
螺蛳粉
和合谷
吉野家
食其家
乡村基
回味鸭血粉丝汤
赛百味
华莱士
肠粉
德克士
李先生牛肉面
寿司
大家乐
大快活
谭仔米线
豆腐脑
豆汁
泡面
合味道
全家
罗森
7-11
便利蜂
烧鸟
亲子丼
莲子百合羹
谭鸭血
小龙坎
巴奴
凑凑
烤肉
绿茶餐厅
外婆家
新白鹿
半天妖
点都德
老北京炸酱面
韩式炸鸡
鸡排饭
晨曦炖品鲍鱼饭
大盘鸡
炒鸡
姐弟俩土豆粉
黄记煌
DQ
塔可
茶餐厅
炒河粉
一丁面
白石的深夜食堂
馄饨
和府捞面
沙拉
皮蛋瘦肉粥
越南河粉
叻沙
海南鸡饭
煎饼果子
热干面
阿甘锅盔
串串香
车仔面
担担面
油泼面
肉夹馍
重庆小面
德式猪肘
白斩鸡
麻辣香锅
麻辣拌
杀猪菜
水煮鱼
酸菜鱼
春饼
甘食记肥肠粉
老四季抻面
米村拌饭
星巴克
肉蟹煲
茶泡饭
小吊梨汤
番茄鸡蛋面
木桶饭
烤肉拌饭
新疆炒米粉
椒麻鸡
酸辣粉
淮南牛肉汤
过桥米线
烤鸭
焖面
安徽板面
老北京涮肉
庆丰包子铺
潮汕牛肉火锅
安妮意大利餐厅
老边饺子馆
