5oOz6K+V6K+V57uZ5Yir5Lq65Y+j5piv5LuA5LmI5oSf6KeJ77yI
6L+Y6KKr5Y+R546w6L+H
55yf5Lit5Y+R5oOF5LqG77yM5Y+v5Lul6YCP5LqG
5Y+R5oOF5b6u6Zuq
6Iqx5qSS5Y+v54ix
5Li65LuA5LmI6KaB5YOP55S35a2p5a2Q77yI
5bu66K6u57uZUuermeaVtOS4queDreaLlOaPkuWwvuW3tO+8iOmbvg==
56mX5L2s5b+r5aWz6KOF57uZ5oiR6I2J77yI6Zu+
5aaH5aWz5LmL5Y+L5b6u6Zuq77yI6Zu+
5LiN5aaC6KGl5YWF6ZuM5r+A57Sg77yM5Y+Y5aWz5a2p5a2QeA==
5a2m5qCh55So55qE5bmz5Y+w55qE
56qd6L+Z5LmI6ICB5LqG6L+Y5piv5aSE
5Y+v5Lul55So6Ieq5bex5oqV5ZaC5Za15Za15ZCX77yI6Zu+
5aW977yM5Y+v5Lul6YCP5LqG
5oiR6L+Y5LiN5aSq5Lya77yI
5oOz6YCP6Iqx5qSS
6L+Y5Y+v5Lul57uZ5b6u6Zuq5o+Q5aWH5aWH5oCq5oCq55qE6KaB5rGC77yIYnVzaGk=
6L+Z5Liq5b6u6Zuq5pW05aSp5Y+R5oOF
56mX5L2s5Lmx5pG4SkvlpKfohb/vvIg=
6ZOc54K86ZOc77yI
5oiR6L+e5Ye66Zeo5Lmf5piv56m/5ouW6Z6L77yI6YCD
5oOz6KKr5Lq65oqx5Zyo5oCA6YeM552h6KeJ
5oOz6KaB5aSn5aeQ5aeQ77yI6YCD
5YKy5aiH6Zuq8J+RgA==
5oOz5ZCs56mX5L2s5aiH5ZaY
5L2g5oqK5oiR54K45Ye65p2l5LqG77yM6KaB5a6e546w5oiRMTE0NTE05Liq5oS/5pyb77yI6Zu+
55m+5ZCI5aW96IC2
5oSf6KeJ55yf5Lit5aeQ5aeQ5aW95rij55S35ZWK77yI5YWJ6YCf6YCD
5oqK6Iqx5qSS55qE5Y+R6L+H5Y67
55uu5YmN5Li65q2idGfkuIrnn6XpgZPmiJHlkI3lrZfnmoTpmaTkuobnjrDlrp7kuK3orqTor4bnmoTkurrku6XlpJblj6rmnInkuIDkuKrvvIg=
5aW95oOz6KKr5o+J5aW25a2Q77yI
5YOP5oiR5rKh5pyJ5aW25a2Q6L+eYnJh6YO95LiN6ZyA6KaB77yI
55yf5Lit5aeQ5aeQ5LuA5LmI6pe25YCZ5Y+Y54yr5aiY5ZWK
6Iqx5qSS55qE5YGH54mb5a2Q
6YKj5LmI5b6u6Zuq5Zyo6K++5LiK5piv5oCO5LmI6Kej5Yaz55qE5ZGi
5Y+v54ix55qE6KGj5pyN5aSa5aW95ZWK
6Ieq5oiR5Ye66YGT5Y+v5Lul6I2J56mX5L2s5ZCX77yI
5oOz55yL576k5Li75aWz6KOF5YaZ5Luj56CB
576k5Li75Y+v54ix77yM5Y+v5Y+v54ix54ix77yM5Y+v54ix54ix
5b6u6Zuq5aeQ5aeQ5aW95Y6J5a6z77yB
5bm85aWz55Sw5omA
5oOz55yLZm3lpbPoo4XvvIjpgIM=
55yf5Lit5aeQ5aeQ6Zq+5b6X5a6z576e5LqG77yI
5b6u6Zuq5LuA5LmI5pe25YCZ5YaN5aWz6KOF6JCl5Lia5ZWK
5oOz5Y+Y5bCP5Y+q
5aWz6KOF5oCO5LmI5bCx5piv5Z2P5LqL5LqG
5oOz55yL8J+RgA==
5b6u6Zuq5YyF5pyI5LuF6ZyAMzk=
5aW96IC277yM5oqKcGlnZ3nlj5jmiJDlpbPlranlrZDvvIg=
55yL5Yiw576k5Li755qE5aWz6KOF54Wn77yM5oiR5Lmf5pyJ54K55oOz5bCd6K+V5LiA5LiL55m95Lid77yI6YCD
5oOz55yL5b6u6Zuq6KKr5qyn6YeR6YeR5o2F
5Zyo5a6255So5pe26YO95piv5o+S5ruh55qE
5ZKV
5aSq6Ieq5oiR5Ye66YGT5LqG77yI
Z2FsZ2FtZeWls+S4u+W+rumbqu+8iA==
5b6u6Zuq5b+r56m/77yB
5oqK5Za15Za15YWz6L+b56y85a2Q77yI5aSn6Zu+
5LiA5aSc5LiD5qyh
5oiR5Lmf5oOz56m/77yM5L2G6Lqr6L655rKh5aWz6KOF77yI
55yf5Lit5aeQ5aeQ5bCP56m055eb5LqG6L+Y6KaB57un57ut5YGa
5L2g5o6o55qEbXRm6YO95Y+v5Y+v54ix54ix77yM5bCx5oiR5pyA5LiR5LqG77yI
57uZ5b6u6Zuq5ZaCQzI0SDI5Q2xPNO+8iOmbvg==
5Y+R5oOF55qE5b6u6Zuq5aeQ5aeQ8J+RgA==
6LSk5aa76Imv5q+N5b6u6Zuq5aeQ5aeQ
5oOz55yL5b6u6Zuq5ZKM5Za15Za15YGa6Imy6Imy55qE5LqL5oOF77yI6Zu+
5p2l5bmy5oiR77yI
56mX5L2s5Z2P5Z2P
5omr56CB5bCx6IO96YCP
5Lul5ZCO5om+5L2g6Z2i5Z+65pe25oiR5Lmf5oOz552h5L2g5bqK5LiK77yI6YCD
5oiR55qE6Ze65a+G6L+Y5ou/5oiR55qE6IqC54K555yL54mH6L+H77yI
5YeG5aSH5Lmw5bCP6KOZ5a2Q77yM5Lmw5a6M5bCx5rKh6ZKx5LqG77yI
6Iqx5qSS55qE54mb5a2Q5Lmf5Y+v54ix77yI
5oOz5Yay5bCx5Yay5ZCn77yI
5L2g576k5bCx5Ymp5oiR5LiA5Liq5piv5aSE5LqG
5oiR5Zyo6L65546p5omL5py66L655rSX5r6h
5ZKV5Zmc5ZKV5Zmc
5b6u6Zuq5Y+v54ix77yM5b6u6Zuq5Y+v5Y+v54ix54ix77yM5b6u6Zuq5Y+v54ix54ix
5rKh5pyJ54yr6ICz77yI
5o6o5YCS5b6u6Zuq
5b6u6Zuq55qE55m95Lid54Wn5ZGi
5oiR5piv5a6M5a6M5YWo5YWo55qEYW/kuro=
8J+RgA==
5oiR5LiN5oG25L+X
5Lmf5Y+v5Lul546p6Ieq5bex55qE5aW25a2Q77yI6YCD
5Li65LuA5LmI56mX5L2s6L+Z5LmI5Zac5qyi6L+r5a6z5oiR
54Ot5ouU5o+S55qE5bC+5be0
5oiR55qE6KOZ5a2Q5Y+q6IO95YG35YG36JeP6LW35p2l
56qd5Lmf5oOz6KaB5b6u6Zuq55qE5L+h77yI6YCD
54S25ZCO5YaN57uZ5b6u6Zuq5ZaCQzIzSDMyTzPvvIg=
5oiR5LqL5Y+v54ix55qE5bCP5LuZ5aWz77yI6L+r55yf
5L2g576k5Lq65Z2H5pyJbnB577yM5Y+q5pyJ5oiR5piv5Y2V6Lqr54uX5LqG
5L2g6YKj5LmI5aSn5LqG5a626ZW/6L+Y57+75L2g5Lic6KW/5ZWK
5bqU6K+l5ZaC54K5QzI0SDI5Q2xPNO+8iA==
6YKj5bCx5Y+Y5oiQ5aWz5a2p5a2Q5ZKM5aWz5a2p5a2Q55m+5ZCI77yI
5pei54i95Y+I5pyJ6ZKxeA==
5aWz6KOF55u05pKt5LiN5piv5oy65q2j5bi455qE5ZCX77yI
55yf5Lit5Y+R5oOF5LqG77yM6ZyA6KaB5ZaC54K557OW77yI6Zu+
5LiK6K++552h6KeJ5LiN5piv5b6I5q2j5bi45ZCX77yI6YCD
5b6u6Zuq5pyJ552A5byA5ZCO5a6r55qE5qKm5oOz
5oOz6KKr5aWz5a2p5a2Q6LCD5pWZ
5LiN5aaC5p2l546p56mX5L2sYm90
5L2g576k55yf5Y+Y5oCB
56qd5Lmf5oOz6LS06LS0
562J5oiR5pyJ56m65LqG5p2l5om+5rSe77yIYnVzaGk=
5Za1
56mX5L2s5aWz6KOF77yB
5YW75oiR77yI6Zu+
6KaB5piv5oiR55qE5aS05Y+R5rKh6KKr5Ymq55qE6K+d6YO96IO95aWz6KOF5Ye66Zeo5LqG77yI6YCD
5oKo5Lus6YO96L+r5a6z5oiR
5bCP5aa55aa577yM5aeQ5aeQ5bim5L2g5Y6755yL6YeR6bG877yI
576k5Y+L5Lus6YO95pyJ5YWJ5piO55qE5pyq5p2l77yM5oiR5q+V5Lia5ZCO5Y+q6IO95b2T5a6J5pyN5LuU5LqG
5oOz6KKr5oqx552A552h
6K+05LiN5a6a6L+Z5Y+l6K+d5Lmf6KKr6K+t5b2V5LqG
5oiR5Lmf5oOz5pyJ5oCn5ZC45byV5Yqb77yI
5oCO5LmI576k5Y+L5LiA5Liq5Liq6YO96YKj5LmI5aW955yL
6IO95LiN6IO95pel56m/NjE25pyN5Yqh5Zmo77yI
bWVuY2nlj6/niLHllrU=
5aaC5p6c6Lqr6L655pyJ5LiA5Y+qbWVuY2nor6XlpJrlpb0=
5oOz5pyv5ZCO5ZKMW+aVsOaNruWIoOmZpF3no6josYbohZA=
d2hpbGUoMSl7CiAgICDov5nmmK/ku4DkuYjvvIzooaXlrZDvvIzmnaXkuIDpopc7Cn0=
5oiR6KeJ5b6XamF2YeaYr+Wxjg==
5oCO5LmI5L2g5Lusb2llcuS4gOS4quS4qumDvee/u+S6hg==
5oiR55Sob2llcmRi5Ye66YGT6L+H5LuW77yI5bCP5aOw
5aW95bCP5Y+q5aW95Y+v54ixd3d3
5oiR5piv5Zac5qyi5qy66LSf5bCP5pyL5Y+L55qE5Z2P5aeQ5aeQ77yI6L+r55yf
56ys5LiA55y86L+e552A55yL6L+Z5Yeg5p2h5raI5oGv77yM55yL5oiQ5LqG5YGa54ix54Or5Lyk5omL5oyH
54yr5aS05Lq657+76L2m6L2m
6Z2S5Y+25aeQ5aeQ5b6I5Lya
6L275b6u5L2/55So55eV6L+555qE6Zuo6JCM
5LiN5aaC6JuL5LiK5p2l54K55Yed6IO2
5LiN5aaC5p2l5Y+R5oOF77yI77yf
